  pch_tier0.cpp
d:\github\sourceengine2007\src_main\tier0\pch_tier0.cpp : warning C4819: 该文件包含不能在当前代码页(936)中表示的字符。请将该文件保存为 Unicode 格式以防止数据丢失
d:\github\sourceengine2007\src_main\tier0\pch_tier0.h : warning C4819: 该文件包含不能在当前代码页(936)中表示的字符。请将该文件保存为 Unicode 格式以防止数据丢失
d:\github\sourceengine2007\src_main\public\tier0\basetypes.h : warning C4819: 该文件包含不能在当前代码页(936)中表示的字符。请将该文件保存为 Unicode 格式以防止数据丢失
d:\github\sourceengine2007\src_main\public\tier0\commonmacros.h : warning C4819: 该文件包含不能在当前代码页(936)中表示的字符。请将该文件保存为 Unicode 格式以防止数据丢失
d:\github\sourceengine2007\src_main\public\tier0\wchartypes.h : warning C4819: 该文件包含不能在当前代码页(936)中表示的字符。请将该文件保存为 Unicode 格式以防止数据丢失
d:\github\sourceengine2007\src_main\public\tier0\valve_off.h : warning C4819: 该文件包含不能在当前代码页(936)中表示的字符。请将该文件保存为 Unicode 格式以防止数据丢失
d:\github\sourceengine2007\src_main\public\tier0\valve_on.h : warning C4819: 该文件包含不能在当前代码页(936)中表示的字符。请将该文件保存为 Unicode 格式以防止数据丢失
d:\github\sourceengine2007\src_main\public\tier0\valve_off.h : warning C4819: 该文件包含不能在当前代码页(936)中表示的字符。请将该文件保存为 Unicode 格式以防止数据丢失
d:\github\sourceengine2007\src_main\public\tier0\protected_things.h : warning C4819: 该文件包含不能在当前代码页(936)中表示的字符。请将该文件保存为 Unicode 格式以防止数据丢失
d:\github\sourceengine2007\src_main\public\tier0\xbox_codeline_defines.h : warning C4819: 该文件包含不能在当前代码页(936)中表示的字符。请将该文件保存为 Unicode 格式以防止数据丢失
d:\github\sourceengine2007\src_main\public\tier0\valve_on.h : warning C4819: 该文件包含不能在当前代码页(936)中表示的字符。请将该文件保存为 Unicode 格式以防止数据丢失
d:\github\sourceengine2007\src_main\public\tier0\dbgflag.h : warning C4819: 该文件包含不能在当前代码页(936)中表示的字符。请将该文件保存为 Unicode 格式以防止数据丢失
d:\github\sourceengine2007\src_main\public\tier0\dbg.h : warning C4819: 该文件包含不能在当前代码页(936)中表示的字符。请将该文件保存为 Unicode 格式以防止数据丢失
d:\github\sourceengine2007\src_main\public\tier0\valve_off.h : warning C4819: 该文件包含不能在当前代码页(936)中表示的字符。请将该文件保存为 Unicode 格式以防止数据丢失
d:\github\sourceengine2007\src_main\public\tier0\fasttimer.h : warning C4819: 该文件包含不能在当前代码页(936)中表示的字符。请将该文件保存为 Unicode 格式以防止数据丢失
d:\github\sourceengine2007\src_main\public\tier0\valve_on.h : warning C4819: 该文件包含不能在当前代码页(936)中表示的字符。请将该文件保存为 Unicode 格式以防止数据丢失
d:\github\sourceengine2007\src_main\public\tier0\valve_off.h : warning C4819: 该文件包含不能在当前代码页(936)中表示的字符。请将该文件保存为 Unicode 格式以防止数据丢失
d:\github\sourceengine2007\src_main\public\tier0\valve_on.h : warning C4819: 该文件包含不能在当前代码页(936)中表示的字符。请将该文件保存为 Unicode 格式以防止数据丢失
d:\github\sourceengine2007\src_main\public\tier0\validator.h : warning C4819: 该文件包含不能在当前代码页(936)中表示的字符。请将该文件保存为 Unicode 格式以防止数据丢失
d:\github\sourceengine2007\src_main\public\tier0\valobject.h : warning C4819: 该文件包含不能在当前代码页(936)中表示的字符。请将该文件保存为 Unicode 格式以防止数据丢失
d:\github\sourceengine2007\src_main\public\tier0\valve_off.h : warning C4819: 该文件包含不能在当前代码页(936)中表示的字符。请将该文件保存为 Unicode 格式以防止数据丢失
d:\github\sourceengine2007\src_main\public\tier0\valve_on.h : warning C4819: 该文件包含不能在当前代码页(936)中表示的字符。请将该文件保存为 Unicode 格式以防止数据丢失
c:\program files (x86)\microsoft visual studio 14.0\vc\include\exception(359): warning C4577: 在未指定异常处理模式的情况下使用了 "noexcept"；不一定会在异常时终止。指定 /EHsc
  win32consoleio.cpp
d:\github\sourceengine2007\src_main\tier0\win32consoleio.cpp : warning C4819: 该文件包含不能在当前代码页(936)中表示的字符。请将该文件保存为 Unicode 格式以防止数据丢失
c:\program files (x86)\microsoft visual studio 14.0\vc\include\xlocinfo(32): warning C4577: 在未指定异常处理模式的情况下使用了 "noexcept"；不一定会在异常时终止。指定 /EHsc
  vprof.cpp
d:\github\sourceengine2007\src_main\tier0\vprof.cpp : warning C4819: 该文件包含不能在当前代码页(936)中表示的字符。请将该文件保存为 Unicode 格式以防止数据丢失
d:\github\sourceengine2007\src_main\public\tier0\memalloc.h : warning C4819: 该文件包含不能在当前代码页(936)中表示的字符。请将该文件保存为 Unicode 格式以防止数据丢失
d:\github\sourceengine2007\src_main\public\tier0\mem.h : warning C4819: 该文件包含不能在当前代码页(936)中表示的字符。请将该文件保存为 Unicode 格式以防止数据丢失
d:\github\sourceengine2007\src_main\public\tier0\valve_off.h : warning C4819: 该文件包含不能在当前代码页(936)中表示的字符。请将该文件保存为 Unicode 格式以防止数据丢失
d:\github\sourceengine2007\src_main\public\tier0\valve_on.h : warning C4819: 该文件包含不能在当前代码页(936)中表示的字符。请将该文件保存为 Unicode 格式以防止数据丢失
d:\github\sourceengine2007\src_main\public\tier0\vprof.h : warning C4819: 该文件包含不能在当前代码页(936)中表示的字符。请将该文件保存为 Unicode 格式以防止数据丢失
d:\github\sourceengine2007\src_main\public\tier0\l2cache.h : warning C4819: 该文件包含不能在当前代码页(936)中表示的字符。请将该文件保存为 Unicode 格式以防止数据丢失
d:\github\sourceengine2007\src_main\public\tier0\threadtools.h : warning C4819: 该文件包含不能在当前代码页(936)中表示的字符。请将该文件保存为 Unicode 格式以防止数据丢失
d:\github\sourceengine2007\src_main\public\tier0\vcrmode.h : warning C4819: 该文件包含不能在当前代码页(936)中表示的字符。请将该文件保存为 Unicode 格式以防止数据丢失
d:\github\sourceengine2007\src_main\public\tier0\vcr_shared.h : warning C4819: 该文件包含不能在当前代码页(936)中表示的字符。请将该文件保存为 Unicode 格式以防止数据丢失
d:\github\sourceengine2007\src_main\public\tier0\memdbgon.h : warning C4819: 该文件包含不能在当前代码页(936)中表示的字符。请将该文件保存为 Unicode 格式以防止数据丢失
d:\github\sourceengine2007\src_main\public\tier0\memdbgoff.h : warning C4819: 该文件包含不能在当前代码页(936)中表示的字符。请将该文件保存为 Unicode 格式以防止数据丢失
d:\github\sourceengine2007\src_main\tier0\vprof.cpp(477): warning C4838: 从“int”转换到“unsigned int”需要收缩转换
c:\program files (x86)\microsoft visual studio 14.0\vc\include\map(358): warning C4577: 在未指定异常处理模式的情况下使用了 "noexcept"；不一定会在异常时终止。指定 /EHsc
  vcrmode.cpp
d:\github\sourceengine2007\src_main\tier0\vcrmode.cpp : warning C4819: 该文件包含不能在当前代码页(936)中表示的字符。请将该文件保存为 Unicode 格式以防止数据丢失
d:\github\sourceengine2007\src_main\public\tier0\vcrmode.h : warning C4819: 该文件包含不能在当前代码页(936)中表示的字符。请将该文件保存为 Unicode 格式以防止数据丢失
d:\github\sourceengine2007\src_main\public\tier0\vcr_shared.h : warning C4819: 该文件包含不能在当前代码页(936)中表示的字符。请将该文件保存为 Unicode 格式以防止数据丢失
d:\github\sourceengine2007\src_main\public\inputsystem\inputenums.h : warning C4819: 该文件包含不能在当前代码页(936)中表示的字符。请将该文件保存为 Unicode 格式以防止数据丢失
d:\github\sourceengine2007\src_main\tier0\vcrmode.cpp(1670): warning C4456: “ret”的声明隐藏了上一个本地声明
  d:\github\sourceengine2007\src_main\tier0\vcrmode.cpp(1648): note: 参见“ret”的声明
  tslist.cpp
d:\github\sourceengine2007\src_main\tier0\tslist.cpp : warning C4819: 该文件包含不能在当前代码页(936)中表示的字符。请将该文件保存为 Unicode 格式以防止数据丢失
d:\github\sourceengine2007\src_main\public\tier0\tslist.h : warning C4819: 该文件包含不能在当前代码页(936)中表示的字符。请将该文件保存为 Unicode 格式以防止数据丢失
d:\github\sourceengine2007\src_main\public\tier0\threadtools.h : warning C4819: 该文件包含不能在当前代码页(936)中表示的字符。请将该文件保存为 Unicode 格式以防止数据丢失
d:\github\sourceengine2007\src_main\public\tier0\vcrmode.h : warning C4819: 该文件包含不能在当前代码页(936)中表示的字符。请将该文件保存为 Unicode 格式以防止数据丢失
d:\github\sourceengine2007\src_main\public\tier0\vcr_shared.h : warning C4819: 该文件包含不能在当前代码页(936)中表示的字符。请将该文件保存为 Unicode 格式以防止数据丢失
d:\github\sourceengine2007\src_main\public\tier0\memdbgon.h : warning C4819: 该文件包含不能在当前代码页(936)中表示的字符。请将该文件保存为 Unicode 格式以防止数据丢失
d:\github\sourceengine2007\src_main\public\tier0\memalloc.h : warning C4819: 该文件包含不能在当前代码页(936)中表示的字符。请将该文件保存为 Unicode 格式以防止数据丢失
d:\github\sourceengine2007\src_main\public\tier0\mem.h : warning C4819: 该文件包含不能在当前代码页(936)中表示的字符。请将该文件保存为 Unicode 格式以防止数据丢失
d:\github\sourceengine2007\src_main\public\tier0\memdbgoff.h : warning C4819: 该文件包含不能在当前代码页(936)中表示的字符。请将该文件保存为 Unicode 格式以防止数据丢失
d:\github\sourceengine2007\src_main\public\tier0\memdbgoff.h : warning C4819: 该文件包含不能在当前代码页(936)中表示的字符。请将该文件保存为 Unicode 格式以防止数据丢失
d:\github\sourceengine2007\src_main\tier0\tslist.cpp(482): warning C4101: “foo”: 未引用的局部变量
  thread.cpp
d:\github\sourceengine2007\src_main\tier0\thread.cpp : warning C4819: 该文件包含不能在当前代码页(936)中表示的字符。请将该文件保存为 Unicode 格式以防止数据丢失
d:\github\sourceengine2007\src_main\public\tier0\valve_off.h : warning C4819: 该文件包含不能在当前代码页(936)中表示的字符。请将该文件保存为 Unicode 格式以防止数据丢失
d:\github\sourceengine2007\src_main\public\tier0\threadtools.h : warning C4819: 该文件包含不能在当前代码页(936)中表示的字符。请将该文件保存为 Unicode 格式以防止数据丢失
d:\github\sourceengine2007\src_main\public\tier0\vcrmode.h : warning C4819: 该文件包含不能在当前代码页(936)中表示的字符。请将该文件保存为 Unicode 格式以防止数据丢失
d:\github\sourceengine2007\src_main\public\tier0\vcr_shared.h : warning C4819: 该文件包含不能在当前代码页(936)中表示的字符。请将该文件保存为 Unicode 格式以防止数据丢失
  systeminformation.cpp
  security.cpp
d:\github\sourceengine2007\src_main\tier0\security.cpp : warning C4819: 该文件包含不能在当前代码页(936)中表示的字符。请将该文件保存为 Unicode 格式以防止数据丢失
d:\github\sourceengine2007\src_main\public\tier0\vcrmode.h : warning C4819: 该文件包含不能在当前代码页(936)中表示的字符。请将该文件保存为 Unicode 格式以防止数据丢失
d:\github\sourceengine2007\src_main\public\tier0\vcr_shared.h : warning C4819: 该文件包含不能在当前代码页(936)中表示的字符。请将该文件保存为 Unicode 格式以防止数据丢失
d:\github\sourceengine2007\src_main\public\tier0\memalloc.h : warning C4819: 该文件包含不能在当前代码页(936)中表示的字符。请将该文件保存为 Unicode 格式以防止数据丢失
d:\github\sourceengine2007\src_main\public\tier0\mem.h : warning C4819: 该文件包含不能在当前代码页(936)中表示的字符。请将该文件保存为 Unicode 格式以防止数据丢失
  progressbar.cpp
d:\github\sourceengine2007\src_main\tier0\progressbar.cpp : warning C4819: 该文件包含不能在当前代码页(936)中表示的字符。请将该文件保存为 Unicode 格式以防止数据丢失
d:\github\sourceengine2007\src_main\public\vstdlib\vstdlib.h : warning C4819: 该文件包含不能在当前代码页(936)中表示的字符。请将该文件保存为 Unicode 格式以防止数据丢失
d:\github\sourceengine2007\src_main\public\tier1\strtools.h : warning C4819: 该文件包含不能在当前代码页(936)中表示的字符。请将该文件保存为 Unicode 格式以防止数据丢失
d:\github\sourceengine2007\src_main\public\vstdlib\random.h : warning C4819: 该文件包含不能在当前代码页(936)中表示的字符。请将该文件保存为 Unicode 格式以防止数据丢失
d:\github\sourceengine2007\src_main\public\tier0\threadtools.h : warning C4819: 该文件包含不能在当前代码页(936)中表示的字符。请将该文件保存为 Unicode 格式以防止数据丢失
d:\github\sourceengine2007\src_main\public\tier0\vcrmode.h : warning C4819: 该文件包含不能在当前代码页(936)中表示的字符。请将该文件保存为 Unicode 格式以防止数据丢失
d:\github\sourceengine2007\src_main\public\tier0\vcr_shared.h : warning C4819: 该文件包含不能在当前代码页(936)中表示的字符。请将该文件保存为 Unicode 格式以防止数据丢失
d:\github\sourceengine2007\src_main\public\tier1\interface.h : warning C4819: 该文件包含不能在当前代码页(936)中表示的字符。请将该文件保存为 Unicode 格式以防止数据丢失
d:\github\sourceengine2007\src_main\public\tier1\keyvalues.h : warning C4819: 该文件包含不能在当前代码页(936)中表示的字符。请将该文件保存为 Unicode 格式以防止数据丢失
d:\github\sourceengine2007\src_main\public\tier1\utlvector.h : warning C4819: 该文件包含不能在当前代码页(936)中表示的字符。请将该文件保存为 Unicode 格式以防止数据丢失
d:\github\sourceengine2007\src_main\public\tier1\utlmemory.h : warning C4819: 该文件包含不能在当前代码页(936)中表示的字符。请将该文件保存为 Unicode 格式以防止数据丢失
d:\github\sourceengine2007\src_main\public\tier0\memalloc.h : warning C4819: 该文件包含不能在当前代码页(936)中表示的字符。请将该文件保存为 Unicode 格式以防止数据丢失
d:\github\sourceengine2007\src_main\public\tier0\mem.h : warning C4819: 该文件包含不能在当前代码页(936)中表示的字符。请将该文件保存为 Unicode 格式以防止数据丢失
d:\github\sourceengine2007\src_main\public\tier0\memdbgon.h : warning C4819: 该文件包含不能在当前代码页(936)中表示的字符。请将该文件保存为 Unicode 格式以防止数据丢失
d:\github\sourceengine2007\src_main\public\tier0\memdbgoff.h : warning C4819: 该文件包含不能在当前代码页(936)中表示的字符。请将该文件保存为 Unicode 格式以防止数据丢失
d:\github\sourceengine2007\src_main\public\tier0\memdbgoff.h : warning C4819: 该文件包含不能在当前代码页(936)中表示的字符。请将该文件保存为 Unicode 格式以防止数据丢失
d:\github\sourceengine2007\src_main\public\tier1\utlblockmemory.h : warning C4819: 该文件包含不能在当前代码页(936)中表示的字符。请将该文件保存为 Unicode 格式以防止数据丢失
d:\github\sourceengine2007\src_main\public\mathlib\mathlib.h : warning C4819: 该文件包含不能在当前代码页(936)中表示的字符。请将该文件保存为 Unicode 格式以防止数据丢失
d:\github\sourceengine2007\src_main\public\mathlib\vector.h : warning C4819: 该文件包含不能在当前代码页(936)中表示的字符。请将该文件保存为 Unicode 格式以防止数据丢失
d:\github\sourceengine2007\src_main\public\mathlib\vector2d.h : warning C4819: 该文件包含不能在当前代码页(936)中表示的字符。请将该文件保存为 Unicode 格式以防止数据丢失
d:\github\sourceengine2007\src_main\public\mathlib\math_pfns.h : warning C4819: 该文件包含不能在当前代码页(936)中表示的字符。请将该文件保存为 Unicode 格式以防止数据丢失
d:\github\sourceengine2007\src_main\public\minmax.h : warning C4819: 该文件包含不能在当前代码页(936)中表示的字符。请将该文件保存为 Unicode 格式以防止数据丢失
d:\github\sourceengine2007\src_main\public\tier0\memdbgon.h : warning C4819: 该文件包含不能在当前代码页(936)中表示的字符。请将该文件保存为 Unicode 格式以防止数据丢失
d:\github\sourceengine2007\src_main\public\tier0\memdbgoff.h : warning C4819: 该文件包含不能在当前代码页(936)中表示的字符。请将该文件保存为 Unicode 格式以防止数据丢失
d:\github\sourceengine2007\src_main\public\tier0\memdbgoff.h : warning C4819: 该文件包含不能在当前代码页(936)中表示的字符。请将该文件保存为 Unicode 格式以防止数据丢失
d:\github\sourceengine2007\src_main\public\color.h : warning C4819: 该文件包含不能在当前代码页(936)中表示的字符。请将该文件保存为 Unicode 格式以防止数据丢失
d:\github\sourceengine2007\src_main\public\tier1\utlrbtree.h : warning C4819: 该文件包含不能在当前代码页(936)中表示的字符。请将该文件保存为 Unicode 格式以防止数据丢失
d:\github\sourceengine2007\src_main\public\tier1\utlfixedmemory.h : warning C4819: 该文件包含不能在当前代码页(936)中表示的字符。请将该文件保存为 Unicode 格式以防止数据丢失
d:\github\sourceengine2007\src_main\public\tier0\memdbgon.h : warning C4819: 该文件包含不能在当前代码页(936)中表示的字符。请将该文件保存为 Unicode 格式以防止数据丢失
d:\github\sourceengine2007\src_main\public\tier0\memdbgoff.h : warning C4819: 该文件包含不能在当前代码页(936)中表示的字符。请将该文件保存为 Unicode 格式以防止数据丢失
d:\github\sourceengine2007\src_main\public\tier0\memdbgoff.h : warning C4819: 该文件包含不能在当前代码页(936)中表示的字符。请将该文件保存为 Unicode 格式以防止数据丢失
d:\github\sourceengine2007\src_main\public\tier1\utllinkedlist.h : warning C4819: 该文件包含不能在当前代码页(936)中表示的字符。请将该文件保存为 Unicode 格式以防止数据丢失
d:\github\sourceengine2007\src_main\public\tier1\utlmultilist.h : warning C4819: 该文件包含不能在当前代码页(936)中表示的字符。请将该文件保存为 Unicode 格式以防止数据丢失
d:\github\sourceengine2007\src_main\public\tier0\memdbgon.h : warning C4819: 该文件包含不能在当前代码页(936)中表示的字符。请将该文件保存为 Unicode 格式以防止数据丢失
d:\github\sourceengine2007\src_main\public\tier0\memdbgoff.h : warning C4819: 该文件包含不能在当前代码页(936)中表示的字符。请将该文件保存为 Unicode 格式以防止数据丢失
d:\github\sourceengine2007\src_main\public\tier0\memdbgoff.h : warning C4819: 该文件包含不能在当前代码页(936)中表示的字符。请将该文件保存为 Unicode 格式以防止数据丢失
d:\github\sourceengine2007\src_main\public\tier1\utlsymbol.h : warning C4819: 该文件包含不能在当前代码页(936)中表示的字符。请将该文件保存为 Unicode 格式以防止数据丢失
d:\github\sourceengine2007\src_main\public\tier1\stringpool.h : warning C4819: 该文件包含不能在当前代码页(936)中表示的字符。请将该文件保存为 Unicode 格式以防止数据丢失
d:\github\sourceengine2007\src_main\public\tier0\icommandline.h : warning C4819: 该文件包含不能在当前代码页(936)中表示的字符。请将该文件保存为 Unicode 格式以防止数据丢失
d:\github\sourceengine2007\src_main\public\tier1\netadr.h : warning C4819: 该文件包含不能在当前代码页(936)中表示的字符。请将该文件保存为 Unicode 格式以防止数据丢失
d:\github\sourceengine2007\src_main\public\tier1\mempool.h : warning C4819: 该文件包含不能在当前代码页(936)中表示的字符。请将该文件保存为 Unicode 格式以防止数据丢失
d:\github\sourceengine2007\src_main\public\tier0\tslist.h : warning C4819: 该文件包含不能在当前代码页(936)中表示的字符。请将该文件保存为 Unicode 格式以防止数据丢失
d:\github\sourceengine2007\src_main\public\tier0\memdbgon.h : warning C4819: 该文件包含不能在当前代码页(936)中表示的字符。请将该文件保存为 Unicode 格式以防止数据丢失
d:\github\sourceengine2007\src_main\public\tier0\memdbgoff.h : warning C4819: 该文件包含不能在当前代码页(936)中表示的字符。请将该文件保存为 Unicode 格式以防止数据丢失
d:\github\sourceengine2007\src_main\public\tier0\memdbgoff.h : warning C4819: 该文件包含不能在当前代码页(936)中表示的字符。请将该文件保存为 Unicode 格式以防止数据丢失
d:\github\sourceengine2007\src_main\public\tier1\utlbuffer.h : warning C4819: 该文件包含不能在当前代码页(936)中表示的字符。请将该文件保存为 Unicode 格式以防止数据丢失
d:\github\sourceengine2007\src_main\public\tier1\byteswap.h : warning C4819: 该文件包含不能在当前代码页(936)中表示的字符。请将该文件保存为 Unicode 格式以防止数据丢失
d:\github\sourceengine2007\src_main\public\datamap.h : warning C4819: 该文件包含不能在当前代码页(936)中表示的字符。请将该文件保存为 Unicode 格式以防止数据丢失
d:\github\sourceengine2007\src_main\public\tier0\memdbgon.h : warning C4819: 该文件包含不能在当前代码页(936)中表示的字符。请将该文件保存为 Unicode 格式以防止数据丢失
d:\github\sourceengine2007\src_main\public\tier0\memdbgoff.h : warning C4819: 该文件包含不能在当前代码页(936)中表示的字符。请将该文件保存为 Unicode 格式以防止数据丢失
d:\github\sourceengine2007\src_main\public\tier0\memdbgoff.h : warning C4819: 该文件包含不能在当前代码页(936)中表示的字符。请将该文件保存为 Unicode 格式以防止数据丢失
d:\github\sourceengine2007\src_main\public\tier1\utlstring.h : warning C4819: 该文件包含不能在当前代码页(936)中表示的字符。请将该文件保存为 Unicode 格式以防止数据丢失
d:\github\sourceengine2007\src_main\public\tier1\utlmap.h : warning C4819: 该文件包含不能在当前代码页(936)中表示的字符。请将该文件保存为 Unicode 格式以防止数据丢失
d:\github\sourceengine2007\src_main\public\tier0\memdbgon.h : warning C4819: 该文件包含不能在当前代码页(936)中表示的字符。请将该文件保存为 Unicode 格式以防止数据丢失
d:\github\sourceengine2007\src_main\public\tier0\memdbgoff.h : warning C4819: 该文件包含不能在当前代码页(936)中表示的字符。请将该文件保存为 Unicode 格式以防止数据丢失
d:\github\sourceengine2007\src_main\public\tier0\progressbar.h : warning C4819: 该文件包含不能在当前代码页(936)中表示的字符。请将该文件保存为 Unicode 格式以防止数据丢失
d:\github\sourceengine2007\src_main\public\tier0\memdbgon.h : warning C4819: 该文件包含不能在当前代码页(936)中表示的字符。请将该文件保存为 Unicode 格式以防止数据丢失
d:\github\sourceengine2007\src_main\public\tier0\memdbgoff.h : warning C4819: 该文件包含不能在当前代码页(936)中表示的字符。请将该文件保存为 Unicode 格式以防止数据丢失
c:\program files (x86)\microsoft visual studio 14.0\vc\include\cmath(303): warning C4577: 在未指定异常处理模式的情况下使用了 "noexcept"；不一定会在异常时终止。指定 /EHsc
  pme.cpp
d:\github\sourceengine2007\src_main\tier0\pme.cpp : warning C4819: 该文件包含不能在当前代码页(936)中表示的字符。请将该文件保存为 Unicode 格式以防止数据丢失
d:\github\sourceengine2007\src_main\public\tier0\vprof.h : warning C4819: 该文件包含不能在当前代码页(936)中表示的字符。请将该文件保存为 Unicode 格式以防止数据丢失
d:\github\sourceengine2007\src_main\public\tier0\l2cache.h : warning C4819: 该文件包含不能在当前代码页(936)中表示的字符。请将该文件保存为 Unicode 格式以防止数据丢失
d:\github\sourceengine2007\src_main\public\tier0\threadtools.h : warning C4819: 该文件包含不能在当前代码页(936)中表示的字符。请将该文件保存为 Unicode 格式以防止数据丢失
d:\github\sourceengine2007\src_main\public\tier0\vcrmode.h : warning C4819: 该文件包含不能在当前代码页(936)中表示的字符。请将该文件保存为 Unicode 格式以防止数据丢失
d:\github\sourceengine2007\src_main\public\tier0\vcr_shared.h : warning C4819: 该文件包含不能在当前代码页(936)中表示的字符。请将该文件保存为 Unicode 格式以防止数据丢失
d:\github\sourceengine2007\src_main\public\tier0\pmelib.h : warning C4819: 该文件包含不能在当前代码页(936)中表示的字符。请将该文件保存为 Unicode 格式以防止数据丢失
d:\github\sourceengine2007\src_main\public\tier0\valve_off.h : warning C4819: 该文件包含不能在当前代码页(936)中表示的字符。请将该文件保存为 Unicode 格式以防止数据丢失
d:\github\sourceengine2007\src_main\public\tier0\valve_on.h : warning C4819: 该文件包含不能在当前代码页(936)中表示的字符。请将该文件保存为 Unicode 格式以防止数据丢失
d:\github\sourceengine2007\src_main\public\tier0\ia32detect.h : warning C4819: 该文件包含不能在当前代码页(936)中表示的字符。请将该文件保存为 Unicode 格式以防止数据丢失
d:\github\sourceengine2007\src_main\public\tier0\p5p6performancecounters.h : warning C4819: 该文件包含不能在当前代码页(936)中表示的字符。请将该文件保存为 Unicode 格式以防止数据丢失
d:\github\sourceengine2007\src_main\public\tier0\p4performancecounters.h : warning C4819: 该文件包含不能在当前代码页(936)中表示的字符。请将该文件保存为 Unicode 格式以防止数据丢失
d:\github\sourceengine2007\src_main\public\tier0\eventmasks.h : warning C4819: 该文件包含不能在当前代码页(936)中表示的字符。请将该文件保存为 Unicode 格式以防止数据丢失
d:\github\sourceengine2007\src_main\public\tier0\eventmodes.h : warning C4819: 该文件包含不能在当前代码页(936)中表示的字符。请将该文件保存为 Unicode 格式以防止数据丢失
d:\github\sourceengine2007\src_main\public\tier0\k8performancecounters.h : warning C4819: 该文件包含不能在当前代码页(936)中表示的字符。请将该文件保存为 Unicode 格式以防止数据丢失
c:\program files (x86)\microsoft visual studio 14.0\vc\include\xlocinfo(32): warning C4577: 在未指定异常处理模式的情况下使用了 "noexcept"；不一定会在异常时终止。指定 /EHsc
  platform.cpp
d:\github\sourceengine2007\src_main\tier0\platform.cpp : warning C4819: 该文件包含不能在当前代码页(936)中表示的字符。请将该文件保存为 Unicode 格式以防止数据丢失
d:\github\sourceengine2007\src_main\common\xbox\xbox_console.h : warning C4819: 该文件包含不能在当前代码页(936)中表示的字符。请将该文件保存为 Unicode 格式以防止数据丢失
d:\github\sourceengine2007\src_main\public\tier0\vcrmode.h : warning C4819: 该文件包含不能在当前代码页(936)中表示的字符。请将该文件保存为 Unicode 格式以防止数据丢失
d:\github\sourceengine2007\src_main\public\tier0\vcr_shared.h : warning C4819: 该文件包含不能在当前代码页(936)中表示的字符。请将该文件保存为 Unicode 格式以防止数据丢失
d:\github\sourceengine2007\src_main\public\tier0\memalloc.h : warning C4819: 该文件包含不能在当前代码页(936)中表示的字符。请将该文件保存为 Unicode 格式以防止数据丢失
d:\github\sourceengine2007\src_main\public\tier0\mem.h : warning C4819: 该文件包含不能在当前代码页(936)中表示的字符。请将该文件保存为 Unicode 格式以防止数据丢失
d:\github\sourceengine2007\src_main\public\tier0\memdbgon.h : warning C4819: 该文件包含不能在当前代码页(936)中表示的字符。请将该文件保存为 Unicode 格式以防止数据丢失
d:\github\sourceengine2007\src_main\public\tier0\memdbgoff.h : warning C4819: 该文件包含不能在当前代码页(936)中表示的字符。请将该文件保存为 Unicode 格式以防止数据丢失
  mem_helpers.cpp
d:\github\sourceengine2007\src_main\tier0\mem_helpers.cpp : warning C4819: 该文件包含不能在当前代码页(936)中表示的字符。请将该文件保存为 Unicode 格式以防止数据丢失
d:\github\sourceengine2007\src_main\tier0\mem_helpers.h : warning C4819: 该文件包含不能在当前代码页(936)中表示的字符。请将该文件保存为 Unicode 格式以防止数据丢失
  memvalidate.cpp
d:\github\sourceengine2007\src_main\tier0\memvalidate.cpp : warning C4819: 该文件包含不能在当前代码页(936)中表示的字符。请将该文件保存为 Unicode 格式以防止数据丢失
  memstd.cpp
d:\github\sourceengine2007\src_main\tier0\memstd.cpp : warning C4819: 该文件包含不能在当前代码页(936)中表示的字符。请将该文件保存为 Unicode 格式以防止数据丢失
d:\github\sourceengine2007\src_main\public\tier0\memalloc.h : warning C4819: 该文件包含不能在当前代码页(936)中表示的字符。请将该文件保存为 Unicode 格式以防止数据丢失
d:\github\sourceengine2007\src_main\public\tier0\mem.h : warning C4819: 该文件包含不能在当前代码页(936)中表示的字符。请将该文件保存为 Unicode 格式以防止数据丢失
d:\github\sourceengine2007\src_main\public\tier0\threadtools.h : warning C4819: 该文件包含不能在当前代码页(936)中表示的字符。请将该文件保存为 Unicode 格式以防止数据丢失
d:\github\sourceengine2007\src_main\public\tier0\vcrmode.h : warning C4819: 该文件包含不能在当前代码页(936)中表示的字符。请将该文件保存为 Unicode 格式以防止数据丢失
d:\github\sourceengine2007\src_main\public\tier0\vcr_shared.h : warning C4819: 该文件包含不能在当前代码页(936)中表示的字符。请将该文件保存为 Unicode 格式以防止数据丢失
d:\github\sourceengine2007\src_main\tier0\mem_helpers.h : warning C4819: 该文件包含不能在当前代码页(936)中表示的字符。请将该文件保存为 Unicode 格式以防止数据丢失
d:\github\sourceengine2007\src_main\tier0\pch_tier0.h : warning C4819: 该文件包含不能在当前代码页(936)中表示的字符。请将该文件保存为 Unicode 格式以防止数据丢失
d:\github\sourceengine2007\src_main\public\tier0\valve_off.h : warning C4819: 该文件包含不能在当前代码页(936)中表示的字符。请将该文件保存为 Unicode 格式以防止数据丢失
d:\github\sourceengine2007\src_main\public\tier0\valve_on.h : warning C4819: 该文件包含不能在当前代码页(936)中表示的字符。请将该文件保存为 Unicode 格式以防止数据丢失
d:\github\sourceengine2007\src_main\public\tier0\tslist.h : warning C4819: 该文件包含不能在当前代码页(936)中表示的字符。请将该文件保存为 Unicode 格式以防止数据丢失
d:\github\sourceengine2007\src_main\public\tier0\memdbgon.h : warning C4819: 该文件包含不能在当前代码页(936)中表示的字符。请将该文件保存为 Unicode 格式以防止数据丢失
d:\github\sourceengine2007\src_main\public\tier0\memdbgoff.h : warning C4819: 该文件包含不能在当前代码页(936)中表示的字符。请将该文件保存为 Unicode 格式以防止数据丢失
d:\github\sourceengine2007\src_main\public\tier0\memdbgoff.h : warning C4819: 该文件包含不能在当前代码页(936)中表示的字符。请将该文件保存为 Unicode 格式以防止数据丢失
  memdbg.cpp
d:\github\sourceengine2007\src_main\tier0\memdbg.cpp : warning C4819: 该文件包含不能在当前代码页(936)中表示的字符。请将该文件保存为 Unicode 格式以防止数据丢失
d:\github\sourceengine2007\src_main\public\tier0\memalloc.h : warning C4819: 该文件包含不能在当前代码页(936)中表示的字符。请将该文件保存为 Unicode 格式以防止数据丢失
d:\github\sourceengine2007\src_main\public\tier0\mem.h : warning C4819: 该文件包含不能在当前代码页(936)中表示的字符。请将该文件保存为 Unicode 格式以防止数据丢失
d:\github\sourceengine2007\src_main\tier0\mem_helpers.h : warning C4819: 该文件包含不能在当前代码页(936)中表示的字符。请将该文件保存为 Unicode 格式以防止数据丢失
d:\github\sourceengine2007\src_main\public\tier0\threadtools.h : warning C4819: 该文件包含不能在当前代码页(936)中表示的字符。请将该文件保存为 Unicode 格式以防止数据丢失
d:\github\sourceengine2007\src_main\public\tier0\vcrmode.h : warning C4819: 该文件包含不能在当前代码页(936)中表示的字符。请将该文件保存为 Unicode 格式以防止数据丢失
d:\github\sourceengine2007\src_main\public\tier0\vcr_shared.h : warning C4819: 该文件包含不能在当前代码页(936)中表示的字符。请将该文件保存为 Unicode 格式以防止数据丢失
c:\program files (x86)\microsoft visual studio 14.0\vc\include\map(358): warning C4577: 在未指定异常处理模式的情况下使用了 "noexcept"；不一定会在异常时终止。指定 /EHsc
  mem.cpp
d:\github\sourceengine2007\src_main\tier0\mem.cpp : warning C4819: 该文件包含不能在当前代码页(936)中表示的字符。请将该文件保存为 Unicode 格式以防止数据丢失
d:\github\sourceengine2007\src_main\public\tier0\mem.h : warning C4819: 该文件包含不能在当前代码页(936)中表示的字符。请将该文件保存为 Unicode 格式以防止数据丢失
d:\github\sourceengine2007\src_main\public\tier0\memdbgon.h : warning C4819: 该文件包含不能在当前代码页(936)中表示的字符。请将该文件保存为 Unicode 格式以防止数据丢失
d:\github\sourceengine2007\src_main\public\tier0\memalloc.h : warning C4819: 该文件包含不能在当前代码页(936)中表示的字符。请将该文件保存为 Unicode 格式以防止数据丢失
d:\github\sourceengine2007\src_main\public\tier0\memdbgoff.h : warning C4819: 该文件包含不能在当前代码页(936)中表示的字符。请将该文件保存为 Unicode 格式以防止数据丢失
  fasttimer.cpp
d:\github\sourceengine2007\src_main\tier0\fasttimer.cpp : warning C4819: 该文件包含不能在当前代码页(936)中表示的字符。请将该文件保存为 Unicode 格式以防止数据丢失
  dbg.cpp
d:\github\sourceengine2007\src_main\tier0\dbg.cpp : warning C4819: 该文件包含不能在当前代码页(936)中表示的字符。请将该文件保存为 Unicode 格式以防止数据丢失
d:\github\sourceengine2007\src_main\public\tier0\minidump.h : warning C4819: 该文件包含不能在当前代码页(936)中表示的字符。请将该文件保存为 Unicode 格式以防止数据丢失
c:\program files (x86)\windows kits\8.1\include\um\dbghelp.h(1544): warning C4091: “typedef ”: 没有声明变量时忽略“”的左侧
c:\program files (x86)\windows kits\8.1\include\um\dbghelp.h(3190): warning C4091: “typedef ”: 没有声明变量时忽略“”的左侧
d:\github\sourceengine2007\src_main\public\tier0\valve_off.h : warning C4819: 该文件包含不能在当前代码页(936)中表示的字符。请将该文件保存为 Unicode 格式以防止数据丢失
d:\github\sourceengine2007\src_main\public\color.h : warning C4819: 该文件包含不能在当前代码页(936)中表示的字符。请将该文件保存为 Unicode 格式以防止数据丢失
d:\github\sourceengine2007\src_main\public\tier0\threadtools.h : warning C4819: 该文件包含不能在当前代码页(936)中表示的字符。请将该文件保存为 Unicode 格式以防止数据丢失
d:\github\sourceengine2007\src_main\public\tier0\vcrmode.h : warning C4819: 该文件包含不能在当前代码页(936)中表示的字符。请将该文件保存为 Unicode 格式以防止数据丢失
d:\github\sourceengine2007\src_main\public\tier0\vcr_shared.h : warning C4819: 该文件包含不能在当前代码页(936)中表示的字符。请将该文件保存为 Unicode 格式以防止数据丢失
d:\github\sourceengine2007\src_main\public\tier0\icommandline.h : warning C4819: 该文件包含不能在当前代码页(936)中表示的字符。请将该文件保存为 Unicode 格式以防止数据丢失
d:\github\sourceengine2007\src_main\public\tier0\memdbgon.h : warning C4819: 该文件包含不能在当前代码页(936)中表示的字符。请将该文件保存为 Unicode 格式以防止数据丢失
d:\github\sourceengine2007\src_main\public\tier0\memalloc.h : warning C4819: 该文件包含不能在当前代码页(936)中表示的字符。请将该文件保存为 Unicode 格式以防止数据丢失
d:\github\sourceengine2007\src_main\public\tier0\mem.h : warning C4819: 该文件包含不能在当前代码页(936)中表示的字符。请将该文件保存为 Unicode 格式以防止数据丢失
d:\github\sourceengine2007\src_main\public\tier0\memdbgoff.h : warning C4819: 该文件包含不能在当前代码页(936)中表示的字符。请将该文件保存为 Unicode 格式以防止数据丢失
d:\github\sourceengine2007\src_main\public\tier0\valve_off.h : warning C4819: 该文件包含不能在当前代码页(936)中表示的字符。请将该文件保存为 Unicode 格式以防止数据丢失
d:\github\sourceengine2007\src_main\public\tier0\valve_on.h : warning C4819: 该文件包含不能在当前代码页(936)中表示的字符。请将该文件保存为 Unicode 格式以防止数据丢失
c:\program files (x86)\microsoft visual studio 14.0\vc\include\cmath(121): warning C4577: 在未指定异常处理模式的情况下使用了 "noexcept"；不一定会在异常时终止。指定 /EHsc
  cpu.cpp
d:\github\sourceengine2007\src_main\tier0\cpu.cpp : warning C4819: 该文件包含不能在当前代码页(936)中表示的字符。请将该文件保存为 Unicode 格式以防止数据丢失
  commandline.cpp
d:\github\sourceengine2007\src_main\tier0\commandline.cpp : warning C4819: 该文件包含不能在当前代码页(936)中表示的字符。请将该文件保存为 Unicode 格式以防止数据丢失
d:\github\sourceengine2007\src_main\public\tier0\icommandline.h : warning C4819: 该文件包含不能在当前代码页(936)中表示的字符。请将该文件保存为 Unicode 格式以防止数据丢失
d:\github\sourceengine2007\src_main\public\tier0\memdbgon.h : warning C4819: 该文件包含不能在当前代码页(936)中表示的字符。请将该文件保存为 Unicode 格式以防止数据丢失
d:\github\sourceengine2007\src_main\public\tier0\memalloc.h : warning C4819: 该文件包含不能在当前代码页(936)中表示的字符。请将该文件保存为 Unicode 格式以防止数据丢失
d:\github\sourceengine2007\src_main\public\tier0\mem.h : warning C4819: 该文件包含不能在当前代码页(936)中表示的字符。请将该文件保存为 Unicode 格式以防止数据丢失
d:\github\sourceengine2007\src_main\public\tier0\memdbgoff.h : warning C4819: 该文件包含不能在当前代码页(936)中表示的字符。请将该文件保存为 Unicode 格式以防止数据丢失
d:\github\sourceengine2007\src_main\public\tier0\memdbgon.h : warning C4819: 该文件包含不能在当前代码页(936)中表示的字符。请将该文件保存为 Unicode 格式以防止数据丢失
d:\github\sourceengine2007\src_main\public\tier0\memdbgoff.h : warning C4819: 该文件包含不能在当前代码页(936)中表示的字符。请将该文件保存为 Unicode 格式以防止数据丢失
  assert_dialog.cpp
d:\github\sourceengine2007\src_main\tier0\assert_dialog.cpp : warning C4819: 该文件包含不能在当前代码页(936)中表示的字符。请将该文件保存为 Unicode 格式以防止数据丢失
d:\github\sourceengine2007\src_main\public\tier0\valve_off.h : warning C4819: 该文件包含不能在当前代码页(936)中表示的字符。请将该文件保存为 Unicode 格式以防止数据丢失
d:\github\sourceengine2007\src_main\tier0\resource.h : warning C4819: 该文件包含不能在当前代码页(936)中表示的字符。请将该文件保存为 Unicode 格式以防止数据丢失
d:\github\sourceengine2007\src_main\public\tier0\valve_on.h : warning C4819: 该文件包含不能在当前代码页(936)中表示的字符。请将该文件保存为 Unicode 格式以防止数据丢失
d:\github\sourceengine2007\src_main\public\tier0\threadtools.h : warning C4819: 该文件包含不能在当前代码页(936)中表示的字符。请将该文件保存为 Unicode 格式以防止数据丢失
d:\github\sourceengine2007\src_main\public\tier0\vcrmode.h : warning C4819: 该文件包含不能在当前代码页(936)中表示的字符。请将该文件保存为 Unicode 格式以防止数据丢失
d:\github\sourceengine2007\src_main\public\tier0\vcr_shared.h : warning C4819: 该文件包含不能在当前代码页(936)中表示的字符。请将该文件保存为 Unicode 格式以防止数据丢失
d:\github\sourceengine2007\src_main\tier0\assert_dialog.cpp(423): error C2065: “MB_CANCELTRYCONTINUE”: 未声明的标识符
d:\github\sourceengine2007\src_main\tier0\assert_dialog.cpp(423): error C2660: “MessageBoxA”: 函数不接受 3 个参数
d:\github\sourceengine2007\src_main\tier0\assert_dialog.cpp(429): error C2065: “IDCONTINUE”: 未声明的标识符
  正在生成代码...
